{"/Users/collins/projects/drip_wave_contrbt/Decentralized-Ajo/app/api/auth/login/route.ts": {"path":"/Users/collins/projects/drip_wave_contrbt/Decentralized-Ajo/app/api/auth/login/route.ts","statementMap":{"0":{"start":{"line":18,"column":0},"end":{"line":18,"column":22}},"1":{"start":{"line":1,"column":0},"end":{"line":1,"column":56}},"2":{"start":{"line":2,"column":0},"end":{"line":2,"column":38}},"3":{"start":{"line":3,"column":0},"end":{"line":3,"column":null}},"4":{"start":{"line":11,"column":0},"end":{"line":11,"column":80}},"5":{"start":{"line":12,"column":0},"end":{"line":12,"column":53}},"6":{"start":{"line":13,"column":0},"end":{"line":13,"column":47}},"7":{"start":{"line":14,"column":0},"end":{"line":14,"column":49}},"8":{"start":{"line":16,"column":15},"end":{"line":16,"column":78}},"9":{"start":{"line":20,"column":28},"end":{"line":23,"column":null}},"10":{"start":{"line":25,"column":2},"end":{"line":25,"column":50}},"11":{"start":{"line":25,"column":25},"end":{"line":25,"column":50}},"12":{"start":{"line":27,"column":26},"end":{"line":27,"column":66}},"13":{"start":{"line":28,"column":2},"end":{"line":28,"column":26}},"14":{"start":{"line":28,"column":13},"end":{"line":28,"column":26}},"15":{"start":{"line":30,"column":2},"end":{"line":100,"column":3}},"16":{"start":{"line":31,"column":32},"end":{"line":31,"column":36}},"17":{"start":{"line":32,"column":28},"end":{"line":32,"column":54}},"18":{"start":{"line":34,"column":17},"end":{"line":45,"column":6}},"19":{"start":{"line":47,"column":4},"end":{"line":49,"column":5}},"20":{"start":{"line":48,"column":6},"end":{"line":48,"column":112}},"21":{"start":{"line":51,"column":28},"end":{"line":51,"column":73}},"22":{"start":{"line":52,"column":4},"end":{"line":54,"column":5}},"23":{"start":{"line":53,"column":6},"end":{"line":53,"column":112}},"24":{"start":{"line":56,"column":4},"end":{"line":62,"column":5}},"25":{"start":{"line":57,"column":6},"end":{"line":61,"column":8}},"26":{"start":{"line":64,"column":18},"end":{"line":68,"column":6}},"27":{"start":{"line":69,"column":25},"end":{"line":69,"column":60}},"28":{"start":{"line":71,"column":21},"end":{"line":83,"column":null}},"29":{"start":{"line":86,"column":4},"end":{"line":94,"column":7}},"30":{"start":{"line":96,"column":4},"end":{"line":96,"column":20}},"31":{"start":{"line":98,"column":4},"end":{"line":98,"column":41}},"32":{"start":{"line":99,"column":4},"end":{"line":99,"column":101}}},"fnMap":{"0":{"name":"POST","decl":{"start":{"line":18,"column":22},"end":{"line":18,"column":26}},"loc":{"start":{"line":18,"column":47},"end":{"line":101,"column":null}}}},"branchMap":{"0":{"loc":{"start":{"line":25,"column":2},"end":{"line":25,"column":50}},"type":"if","locations":[{"start":{"line":25,"column":2},"end":{"line":25,"column":50}},{"start":{},"end":{}}]},"1":{"loc":{"start":{"line":28,"column":2},"end":{"line":28,"column":26}},"type":"if","locations":[{"start":{"line":28,"column":2},"end":{"line":28,"column":26}},{"start":{},"end":{}}]},"2":{"loc":{"start":{"line":47,"column":4},"end":{"line":49,"column":5}},"type":"if","locations":[{"start":{"line":47,"column":4},"end":{"line":49,"column":5}},{"start":{},"end":{}}]},"3":{"loc":{"start":{"line":52,"column":4},"end":{"line":54,"column":5}},"type":"if","locations":[{"start":{"line":52,"column":4},"end":{"line":54,"column":5}},{"start":{},"end":{}}]},"4":{"loc":{"start":{"line":56,"column":4},"end":{"line":62,"column":5}},"type":"if","locations":[{"start":{"line":56,"column":4},"end":{"line":62,"column":5}},{"start":{},"end":{}}]}},"s":{"0":1,"1":1,"2":1,"3":1,"4":1,"5":1,"6":1,"7":1,"8":1,"9":2,"10":2,"11":0,"12":2,"13":2,"14":0,"15":2,"16":2,"17":2,"18":2,"19":2,"20":1,"21":1,"22":1,"23":0,"24":1,"25":0,"26":1,"27":1,"28":1,"29":1,"30":1,"31":0,"32":0},"f":{"0":2},"b":{"0":[0,2],"1":[0,2],"2":[1,1],"3":[0,1],"4":[0,1]}}
,"/Users/collins/projects/drip_wave_contrbt/Decentralized-Ajo/lib/auth.ts": {"path":"/Users/collins/projects/drip_wave_contrbt/Decentralized-Ajo/lib/auth.ts","statementMap":{"0":{"start":{"line":32,"column":0},"end":{"line":32,"column":22}},"1":{"start":{"line":37,"column":0},"end":{"line":37,"column":22}},"2":{"start":{"line":45,"column":0},"end":{"line":45,"column":16}},"3":{"start":{"line":63,"column":0},"end":{"line":63,"column":16}},"4":{"start":{"line":74,"column":0},"end":{"line":74,"column":16}},"5":{"start":{"line":78,"column":0},"end":{"line":78,"column":16}},"6":{"start":{"line":82,"column":0},"end":{"line":82,"column":22}},"7":{"start":{"line":95,"column":0},"end":{"line":95,"column":22}},"8":{"start":{"line":139,"column":0},"end":{"line":139,"column":22}},"9":{"start":{"line":143,"column":0},"end":{"line":143,"column":22}},"10":{"start":{"line":148,"column":0},"end":{"line":148,"column":16}},"11":{"start":{"line":158,"column":0},"end":{"line":158,"column":16}},"12":{"start":{"line":168,"column":0},"end":{"line":168,"column":16}},"13":{"start":{"line":178,"column":0},"end":{"line":178,"column":16}},"14":{"start":{"line":184,"column":0},"end":{"line":184,"column":16}},"15":{"start":{"line":1,"column":0},"end":{"line":1,"column":31}},"16":{"start":{"line":2,"column":0},"end":{"line":2,"column":30}},"17":{"start":{"line":3,"column":0},"end":{"line":3,"column":33}},"18":{"start":{"line":4,"column":0},"end":{"line":4,"column":38}},"19":{"start":{"line":6,"column":19},"end":{"line":6,"column":84}},"20":{"start":{"line":7,"column":23},"end":{"line":7,"column":28}},"21":{"start":{"line":8,"column":32},"end":{"line":8,"column":56}},"22":{"start":{"line":9,"column":35},"end":{"line":9,"column":37}},"23":{"start":{"line":10,"column":31},"end":{"line":10,"column":32}},"24":{"start":{"line":11,"column":31},"end":{"line":11,"column":33}},"25":{"start":{"line":13,"column":27},"end":{"line":13,"column":84}},"26":{"start":{"line":14,"column":13},"end":{"line":16,"column":91}},"27":{"start":{"line":18,"column":13},"end":{"line":18,"column":56}},"28":{"start":{"line":33,"column":2},"end":{"line":33,"column":51}},"29":{"start":{"line":41,"column":2},"end":{"line":41,"column":50}},"30":{"start":{"line":46,"column":30},"end":{"line":52,"column":4}},"31":{"start":{"line":54,"column":2},"end":{"line":56,"column":5}},"32":{"start":{"line":64,"column":30},"end":{"line":68,"column":4}},"33":{"start":{"line":71,"column":2},"end":{"line":71,"column":39}},"34":{"start":{"line":75,"column":2},"end":{"line":75,"column":56}},"35":{"start":{"line":79,"column":2},"end":{"line":79,"column":47}},"36":{"start":{"line":83,"column":16},"end":{"line":83,"column":35}},"37":{"start":{"line":84,"column":2},"end":{"line":91,"column":5}},"38":{"start":{"line":92,"column":2},"end":{"line":92,"column":15}},"39":{"start":{"line":96,"column":24},"end":{"line":99,"column":4}},"40":{"start":{"line":102,"column":2},"end":{"line":104,"column":3}},"41":{"start":{"line":103,"column":4},"end":{"line":103,"column":16}},"42":{"start":{"line":108,"column":2},"end":{"line":113,"column":3}},"43":{"start":{"line":109,"column":4},"end":{"line":111,"column":7}},"44":{"start":{"line":112,"column":4},"end":{"line":112,"column":16}},"45":{"start":{"line":115,"column":19},"end":{"line":115,"column":38}},"46":{"start":{"line":118,"column":2},"end":{"line":134,"column":5}},"47":{"start":{"line":136,"column":2},"end":{"line":136,"column":59}},"48":{"start":{"line":140,"column":2},"end":{"line":140,"column":62}},"49":{"start":{"line":144,"column":2},"end":{"line":144,"column":61}},"50":{"start":{"line":149,"column":2},"end":{"line":154,"column":3}},"51":{"start":{"line":150,"column":20},"end":{"line":150,"column":63}},"52":{"start":{"line":151,"column":4},"end":{"line":151,"column":19}},"53":{"start":{"line":153,"column":4},"end":{"line":153,"column":16}},"54":{"start":{"line":159,"column":2},"end":{"line":164,"column":3}},"55":{"start":{"line":160,"column":20},"end":{"line":160,"column":51}},"56":{"start":{"line":161,"column":4},"end":{"line":161,"column":19}},"57":{"start":{"line":163,"column":4},"end":{"line":163,"column":16}},"58":{"start":{"line":169,"column":2},"end":{"line":169,"column":31}},"59":{"start":{"line":169,"column":19},"end":{"line":169,"column":31}},"60":{"start":{"line":170,"column":16},"end":{"line":170,"column":37}},"61":{"start":{"line":171,"column":2},"end":{"line":173,"column":3}},"62":{"start":{"line":172,"column":4},"end":{"line":172,"column":20}},"63":{"start":{"line":174,"column":2},"end":{"line":174,"column":14}},"64":{"start":{"line":179,"column":21},"end":{"line":179,"column":49}},"65":{"start":{"line":180,"column":2},"end":{"line":180,"column":32}},"66":{"start":{"line":188,"column":27},"end":{"line":188,"column":29}},"67":{"start":{"line":190,"column":2},"end":{"line":192,"column":3}},"68":{"start":{"line":191,"column":4},"end":{"line":191,"column":63}},"69":{"start":{"line":193,"column":2},"end":{"line":195,"column":3}},"70":{"start":{"line":194,"column":4},"end":{"line":194,"column":71}},"71":{"start":{"line":196,"column":2},"end":{"line":198,"column":3}},"72":{"start":{"line":197,"column":4},"end":{"line":197,"column":71}},"73":{"start":{"line":199,"column":2},"end":{"line":201,"column":3}},"74":{"start":{"line":200,"column":4},"end":{"line":200,"column":60}},"75":{"start":{"line":203,"column":2},"end":{"line":206,"column":4}}},"fnMap":{"0":{"name":"hashPassword","decl":{"start":{"line":32,"column":22},"end":{"line":32,"column":34}},"loc":{"start":{"line":32,"column":51},"end":{"line":34,"column":null}}},"1":{"name":"verifyPassword","decl":{"start":{"line":37,"column":22},"end":{"line":37,"column":36}},"loc":{"start":{"line":39,"column":24},"end":{"line":42,"column":null}}},"2":{"name":"generateToken","decl":{"start":{"line":45,"column":16},"end":{"line":45,"column":29}},"loc":{"start":{"line":45,"column":96},"end":{"line":57,"column":1}}},"3":{"name":"generateServiceToken","decl":{"start":{"line":63,"column":16},"end":{"line":63,"column":36}},"loc":{"start":{"line":63,"column":74},"end":{"line":72,"column":1}}},"4":{"name":"getRefreshTokenExpiryDate","decl":{"start":{"line":74,"column":16},"end":{"line":74,"column":41}},"loc":{"start":{"line":74,"column":41},"end":{"line":76,"column":1}}},"5":{"name":"isSecureCookieEnvironment","decl":{"start":{"line":78,"column":16},"end":{"line":78,"column":41}},"loc":{"start":{"line":78,"column":41},"end":{"line":80,"column":1}}},"6":{"name":"generateRefreshToken","decl":{"start":{"line":82,"column":22},"end":{"line":82,"column":42}},"loc":{"start":{"line":82,"column":76},"end":{"line":93,"column":null}}},"7":{"name":"rotateRefreshToken","decl":{"start":{"line":95,"column":22},"end":{"line":95,"column":40}},"loc":{"start":{"line":95,"column":54},"end":{"line":137,"column":null}}},"8":{"name":"revokeUserRefreshTokens","decl":{"start":{"line":139,"column":22},"end":{"line":139,"column":45}},"loc":{"start":{"line":139,"column":60},"end":{"line":141,"column":null}}},"9":{"name":"revokeRefreshToken","decl":{"start":{"line":143,"column":22},"end":{"line":143,"column":40}},"loc":{"start":{"line":143,"column":54},"end":{"line":145,"column":null}}},"10":{"name":"verifyToken","decl":{"start":{"line":148,"column":16},"end":{"line":148,"column":27}},"loc":{"start":{"line":148,"column":41},"end":{"line":155,"column":1}}},"11":{"name":"decodeToken","decl":{"start":{"line":158,"column":16},"end":{"line":158,"column":27}},"loc":{"start":{"line":158,"column":41},"end":{"line":165,"column":1}}},"12":{"name":"extractToken","decl":{"start":{"line":168,"column":16},"end":{"line":168,"column":28}},"loc":{"start":{"line":168,"column":54},"end":{"line":175,"column":1}}},"13":{"name":"isValidEmail","decl":{"start":{"line":178,"column":16},"end":{"line":178,"column":28}},"loc":{"start":{"line":178,"column":42},"end":{"line":181,"column":1}}},"14":{"name":"validatePasswordStrength","decl":{"start":{"line":184,"column":16},"end":{"line":184,"column":40}},"loc":{"start":{"line":184,"column":57},"end":{"line":207,"column":1}}}},"branchMap":{"0":{"loc":{"start":{"line":6,"column":19},"end":{"line":6,"column":84}},"type":"binary-expr","locations":[{"start":{"line":6,"column":19},"end":{"line":6,"column":41}},{"start":{"line":6,"column":45},"end":{"line":6,"column":84}}]},"1":{"loc":{"start":{"line":13,"column":43},"end":{"line":13,"column":79}},"type":"cond-expr","locations":[{"start":{"line":13,"column":73},"end":{"line":13,"column":77}},{"start":{"line":13,"column":77},"end":{"line":13,"column":79}}]},"2":{"loc":{"start":{"line":13,"column":43},"end":{"line":13,"column":77}},"type":"binary-expr","locations":[{"start":{"line":13,"column":43},"end":{"line":13,"column":77}},{"start":{"line":13,"column":73},"end":{"line":13,"column":77}}]},"3":{"loc":{"start":{"line":14,"column":34},"end":{"line":16,"column":90}},"type":"cond-expr","locations":[{"start":{"line":15,"column":4},"end":{"line":15,"column":30}},{"start":{"line":16,"column":4},"end":{"line":16,"column":90}}]},"4":{"loc":{"start":{"line":49,"column":19},"end":{"line":49,"column":50}},"type":"binary-expr","locations":[{"start":{"line":49,"column":19},"end":{"line":49,"column":37}},{"start":{"line":49,"column":41},"end":{"line":49,"column":50}}]},"5":{"loc":{"start":{"line":102,"column":2},"end":{"line":104,"column":3}},"type":"if","locations":[{"start":{"line":102,"column":2},"end":{"line":104,"column":3}},{"start":{},"end":{}}]},"6":{"loc":{"start":{"line":102,"column":6},"end":{"line":102,"column":61}},"type":"binary-expr","locations":[{"start":{"line":102,"column":6},"end":{"line":102,"column":20}},{"start":{"line":102,"column":24},"end":{"line":102,"column":61}}]},"7":{"loc":{"start":{"line":108,"column":2},"end":{"line":113,"column":3}},"type":"if","locations":[{"start":{"line":108,"column":2},"end":{"line":113,"column":3}},{"start":{},"end":{}}]},"8":{"loc":{"start":{"line":169,"column":2},"end":{"line":169,"column":31}},"type":"if","locations":[{"start":{"line":169,"column":2},"end":{"line":169,"column":31}},{"start":{},"end":{}}]},"9":{"loc":{"start":{"line":171,"column":2},"end":{"line":173,"column":3}},"type":"if","locations":[{"start":{"line":171,"column":2},"end":{"line":173,"column":3}},{"start":{},"end":{}}]},"10":{"loc":{"start":{"line":171,"column":6},"end":{"line":171,"column":49}},"type":"binary-expr","locations":[{"start":{"line":171,"column":6},"end":{"line":171,"column":24}},{"start":{"line":171,"column":28},"end":{"line":171,"column":49}}]},"11":{"loc":{"start":{"line":190,"column":2},"end":{"line":192,"column":3}},"type":"if","locations":[{"start":{"line":190,"column":2},"end":{"line":192,"column":3}},{"start":{},"end":{}}]},"12":{"loc":{"start":{"line":193,"column":2},"end":{"line":195,"column":3}},"type":"if","locations":[{"start":{"line":193,"column":2},"end":{"line":195,"column":3}},{"start":{},"end":{}}]},"13":{"loc":{"start":{"line":196,"column":2},"end":{"line":198,"column":3}},"type":"if","locations":[{"start":{"line":196,"column":2},"end":{"line":198,"column":3}},{"start":{},"end":{}}]},"14":{"loc":{"start":{"line":199,"column":2},"end":{"line":201,"column":3}},"type":"if","locations":[{"start":{"line":199,"column":2},"end":{"line":201,"column":3}},{"start":{},"end":{}}]}},"s":{"0":3,"1":3,"2":3,"3":3,"4":3,"5":3,"6":3,"7":3,"8":3,"9":3,"10":3,"11":3,"12":3,"13":3,"14":3,"15":3,"16":3,"17":3,"18":3,"19":3,"20":3,"21":3,"22":3,"23":3,"24":3,"25":3,"26":3,"27":3,"28":3,"29":0,"30":0,"31":0,"32":0,"33":0,"34":0,"35":0,"36":0,"37":0,"38":0,"39":0,"40":0,"41":0,"42":0,"43":0,"44":0,"45":0,"46":0,"47":0,"48":0,"49":0,"50":0,"51":0,"52":0,"53":0,"54":0,"55":0,"56":0,"57":0,"58":0,"59":0,"60":0,"61":0,"62":0,"63":0,"64":0,"65":0,"66":0,"67":0,"68":0,"69":0,"70":0,"71":0,"72":0,"73":0,"74":0,"75":0},"f":{"0":3,"1":0,"2":0,"3":0,"4":0,"5":0,"6":0,"7":0,"8":0,"9":0,"10":0,"11":0,"12":0,"13":0,"14":0},"b":{"0":[3,0],"1":[2,1],"2":[3,3],"3":[1,2],"4":[0,0],"5":[0,0],"6":[0,0],"7":[0,0],"8":[0,0],"9":[0,0],"10":[0,0],"11":[0,0],"12":[0,0],"13":[0,0],"14":[0,0]}}
,"/Users/collins/projects/drip_wave_contrbt/Decentralized-Ajo/lib/validations/auth.ts": {"path":"/Users/collins/projects/drip_wave_contrbt/Decentralized-Ajo/lib/validations/auth.ts","statementMap":{"0":{"start":{"line":1,"column":0},"end":{"line":1,"column":24}},"1":{"start":{"line":3,"column":13},"end":{"line":6,"column":3}},"2":{"start":{"line":8,"column":13},"end":{"line":13,"column":3}}},"fnMap":{},"branchMap":{},"s":{"0":1,"1":1,"2":1},"f":{},"b":{}}
}
