{"/Users/collins/projects/drip_wave_contrbt/Decentralized-Ajo/components/dashboard-card.tsx": {"path":"/Users/collins/projects/drip_wave_contrbt/Decentralized-Ajo/components/dashboard-card.tsx","statementMap":{"0":{"start":{"line":3,"column":0},"end":{"line":3,"column":26}},"1":{"start":{"line":4,"column":0},"end":{"line":4,"column":92}},"2":{"start":{"line":5,"column":0},"end":{"line":5,"column":46}},"3":{"start":{"line":6,"column":0},"end":{"line":6,"column":60}},"4":{"start":{"line":14,"column":59},"end":{"line":66,"column":1}},"5":{"start":{"line":19,"column":2},"end":{"line":65,"column":4}},"6":{"start":{"line":14,"column":13},"end":{"line":14,"column":59}}},"fnMap":{"0":{"name":"(anonymous_1)","decl":{"start":{"line":14,"column":59},"end":{"line":14,"column":60}},"loc":{"start":{"line":18,"column":5},"end":{"line":66,"column":1}}}},"branchMap":{"0":{"loc":{"start":{"line":41,"column":15},"end":{"line":41,"column":106}},"type":"cond-expr","locations":[{"start":{"line":41,"column":51},"end":{"line":41,"column":90}},{"start":{"line":41,"column":93},"end":{"line":41,"column":106}}]}},"s":{"0":1,"1":1,"2":1,"3":1,"4":1,"5":0,"6":1},"f":{"0":0},"b":{"0":[0,0]}}
,"/Users/collins/projects/drip_wave_contrbt/Decentralized-Ajo/components/dashboard.tsx": {"path":"/Users/collins/projects/drip_wave_contrbt/Decentralized-Ajo/components/dashboard.tsx","statementMap":{"0":{"start":{"line":3,"column":0},"end":{"line":3,"column":26}},"1":{"start":{"line":4,"column":0},"end":{"line":4,"column":49}},"2":{"start":{"line":5,"column":0},"end":{"line":5,"column":49}},"3":{"start":{"line":6,"column":0},"end":{"line":6,"column":48}},"4":{"start":{"line":7,"column":0},"end":{"line":7,"column":44}},"5":{"start":{"line":20,"column":51},"end":{"line":87,"column":1}},"6":{"start":{"line":21,"column":52},"end":{"line":21,"column":63}},"7":{"start":{"line":24,"column":2},"end":{"line":44,"column":3}},"8":{"start":{"line":25,"column":4},"end":{"line":43,"column":6}},"9":{"start":{"line":46,"column":2},"end":{"line":86,"column":4}},"10":{"start":{"line":62,"column":12},"end":{"line":63,"column":null}},"11":{"start":{"line":80,"column":68},"end":{"line":80,"column":101}},"12":{"start":{"line":20,"column":13},"end":{"line":20,"column":51}}},"fnMap":{"0":{"name":"(anonymous_1)","decl":{"start":{"line":20,"column":51},"end":{"line":20,"column":52}},"loc":{"start":{"line":20,"column":72},"end":{"line":87,"column":1}}},"1":{"name":"(anonymous_2)","decl":{"start":{"line":61,"column":28},"end":{"line":61,"column":29}},"loc":{"start":{"line":62,"column":12},"end":{"line":63,"column":null}}},"2":{"name":"(anonymous_3)","decl":{"start":{"line":80,"column":62},"end":{"line":80,"column":65}},"loc":{"start":{"line":80,"column":68},"end":{"line":80,"column":101}}}},"branchMap":{"0":{"loc":{"start":{"line":24,"column":2},"end":{"line":44,"column":3}},"type":"if","locations":[{"start":{"line":24,"column":2},"end":{"line":44,"column":3}},{"start":{},"end":{}}]},"1":{"loc":{"start":{"line":40,"column":11},"end":{"line":40,"column":57}},"type":"cond-expr","locations":[{"start":{"line":40,"column":23},"end":{"line":40,"column":38}},{"start":{"line":40,"column":41},"end":{"line":40,"column":57}}]},"2":{"loc":{"start":{"line":59,"column":7},"end":{"line":83,"column":null}},"type":"cond-expr","locations":[{"start":{"line":60,"column":8},"end":{"line":68,"column":null}},{"start":{"line":72,"column":8},"end":{"line":82,"column":null}}]}},"s":{"0":1,"1":1,"2":1,"3":1,"4":1,"5":1,"6":1,"7":1,"8":1,"9":0,"10":0,"11":0,"12":1},"f":{"0":1,"1":0,"2":0},"b":{"0":[1,0],"1":[0,1],"2":[0,0]}}
,"/Users/collins/projects/drip_wave_contrbt/Decentralized-Ajo/components/modal.tsx": {"path":"/Users/collins/projects/drip_wave_contrbt/Decentralized-Ajo/components/modal.tsx","statementMap":{"0":{"start":{"line":21,"column":0},"end":{"line":21,"column":16}},"1":{"start":{"line":3,"column":0},"end":{"line":3,"column":55}},"2":{"start":{"line":4,"column":0},"end":{"line":4,"column":41}},"3":{"start":{"line":5,"column":0},"end":{"line":5,"column":33}},"4":{"start":{"line":30,"column":19},"end":{"line":30,"column":47}},"5":{"start":{"line":31,"column":28},"end":{"line":31,"column":60}},"6":{"start":{"line":33,"column":24},"end":{"line":40,"column":null}},"7":{"start":{"line":35,"column":6},"end":{"line":38,"column":7}},"8":{"start":{"line":36,"column":8},"end":{"line":36,"column":28}},"9":{"start":{"line":37,"column":8},"end":{"line":37,"column":18}},"10":{"start":{"line":43,"column":2},"end":{"line":55,"column":30}},"11":{"start":{"line":44,"column":4},"end":{"line":44,"column":24}},"12":{"start":{"line":44,"column":17},"end":{"line":44,"column":24}},"13":{"start":{"line":45,"column":4},"end":{"line":45,"column":77}},"14":{"start":{"line":46,"column":4},"end":{"line":46,"column":56}},"15":{"start":{"line":47,"column":14},"end":{"line":49,"column":9}},"16":{"start":{"line":48,"column":6},"end":{"line":48,"column":32}},"17":{"start":{"line":50,"column":4},"end":{"line":54,"column":6}},"18":{"start":{"line":51,"column":6},"end":{"line":51,"column":29}},"19":{"start":{"line":52,"column":6},"end":{"line":52,"column":61}},"20":{"start":{"line":53,"column":6},"end":{"line":53,"column":43}},"21":{"start":{"line":57,"column":2},"end":{"line":65,"column":15}},"22":{"start":{"line":58,"column":4},"end":{"line":58,"column":24}},"23":{"start":{"line":58,"column":17},"end":{"line":58,"column":24}},"24":{"start":{"line":59,"column":17},"end":{"line":59,"column":41}},"25":{"start":{"line":60,"column":25},"end":{"line":60,"column":44}},"26":{"start":{"line":61,"column":4},"end":{"line":61,"column":35}},"27":{"start":{"line":62,"column":4},"end":{"line":64,"column":6}},"28":{"start":{"line":63,"column":6},"end":{"line":63,"column":41}},"29":{"start":{"line":67,"column":20},"end":{"line":85,"column":8}},"30":{"start":{"line":68,"column":4},"end":{"line":68,"column":53}},"31":{"start":{"line":68,"column":46},"end":{"line":68,"column":53}},"32":{"start":{"line":69,"column":22},"end":{"line":70,"column":null}},"33":{"start":{"line":72,"column":17},"end":{"line":72,"column":76}},"34":{"start":{"line":72,"column":47},"end":{"line":72,"column":75}},"35":{"start":{"line":73,"column":4},"end":{"line":73,"column":34}},"36":{"start":{"line":73,"column":27},"end":{"line":73,"column":34}},"37":{"start":{"line":74,"column":18},"end":{"line":74,"column":25}},"38":{"start":{"line":75,"column":17},"end":{"line":75,"column":38}},"39":{"start":{"line":76,"column":4},"end":{"line":84,"column":5}},"40":{"start":{"line":77,"column":6},"end":{"line":80,"column":7}},"41":{"start":{"line":78,"column":8},"end":{"line":78,"column":27}},"42":{"start":{"line":79,"column":8},"end":{"line":79,"column":21}},"43":{"start":{"line":81,"column":11},"end":{"line":84,"column":5}},"44":{"start":{"line":82,"column":6},"end":{"line":82,"column":25}},"45":{"start":{"line":83,"column":6},"end":{"line":83,"column":20}},"46":{"start":{"line":87,"column":2},"end":{"line":87,"column":62}},"47":{"start":{"line":87,"column":50},"end":{"line":87,"column":62}},"48":{"start":{"line":89,"column":2},"end":{"line":117,"column":4}},"49":{"start":{"line":96,"column":10},"end":{"line":96,"column":47}},"50":{"start":{"line":96,"column":37},"end":{"line":96,"column":47}}},"fnMap":{"0":{"name":"Modal","decl":{"start":{"line":21,"column":16},"end":{"line":21,"column":21}},"loc":{"start":{"line":29,"column":13},"end":{"line":118,"column":1}}},"1":{"name":"(anonymous_1)","decl":{"start":{"line":34,"column":4},"end":{"line":34,"column":5}},"loc":{"start":{"line":34,"column":25},"end":{"line":39,"column":5}}},"2":{"name":"(anonymous_2)","decl":{"start":{"line":43,"column":12},"end":{"line":43,"column":15}},"loc":{"start":{"line":43,"column":17},"end":{"line":55,"column":3}}},"3":{"name":"(anonymous_3)","decl":{"start":{"line":47,"column":32},"end":{"line":47,"column":35}},"loc":{"start":{"line":47,"column":37},"end":{"line":49,"column":5}}},"4":{"name":"(anonymous_4)","decl":{"start":{"line":50,"column":11},"end":{"line":50,"column":14}},"loc":{"start":{"line":50,"column":16},"end":{"line":54,"column":5}}},"5":{"name":"(anonymous_5)","decl":{"start":{"line":57,"column":12},"end":{"line":57,"column":15}},"loc":{"start":{"line":57,"column":17},"end":{"line":65,"column":3}}},"6":{"name":"(anonymous_6)","decl":{"start":{"line":62,"column":11},"end":{"line":62,"column":14}},"loc":{"start":{"line":62,"column":16},"end":{"line":64,"column":5}}},"7":{"name":"(anonymous_7)","decl":{"start":{"line":67,"column":32},"end":{"line":67,"column":33}},"loc":{"start":{"line":67,"column":75},"end":{"line":85,"column":3}}},"8":{"name":"(anonymous_8)","decl":{"start":{"line":72,"column":39},"end":{"line":72,"column":40}},"loc":{"start":{"line":72,"column":47},"end":{"line":72,"column":75}}},"9":{"name":"(anonymous_9)","decl":{"start":{"line":95,"column":17},"end":{"line":95,"column":20}},"loc":{"start":{"line":95,"column":22},"end":{"line":97,"column":9}}}},"branchMap":{"0":{"loc":{"start":{"line":26,"column":2},"end":{"line":26,"column":30}},"type":"default-arg","locations":[{"start":{"line":26,"column":25},"end":{"line":26,"column":30}}]},"1":{"loc":{"start":{"line":35,"column":6},"end":{"line":38,"column":7}},"type":"if","locations":[{"start":{"line":35,"column":6},"end":{"line":38,"column":7}},{"start":{},"end":{}}]},"2":{"loc":{"start":{"line":44,"column":4},"end":{"line":44,"column":24}},"type":"if","locations":[{"start":{"line":44,"column":4},"end":{"line":44,"column":24}},{"start":{},"end":{}}]},"3":{"loc":{"start":{"line":48,"column":6},"end":{"line":48,"column":31}},"type":"cond-expr","locations":[{"start":{"line":48,"column":22},"end":{"line":48,"column":24}},{"start":{"line":48,"column":22},"end":{"line":48,"column":31}}]},"4":{"loc":{"start":{"line":48,"column":6},"end":{"line":48,"column":24}},"type":"binary-expr","locations":[{"start":{"line":48,"column":6},"end":{"line":48,"column":24}},{"start":{"line":48,"column":22},"end":{"line":48,"column":24}}]},"5":{"loc":{"start":{"line":53,"column":6},"end":{"line":53,"column":42}},"type":"cond-expr","locations":[{"start":{"line":53,"column":38},"end":{"line":53,"column":42}},{"start":{"line":53,"column":38},"end":{"line":53,"column":42}}]},"6":{"loc":{"start":{"line":53,"column":6},"end":{"line":53,"column":42}},"type":"binary-expr","locations":[{"start":{"line":53,"column":6},"end":{"line":53,"column":42}},{"start":{"line":53,"column":38},"end":{"line":53,"column":42}}]},"7":{"loc":{"start":{"line":53,"column":6},"end":{"line":53,"column":38}},"type":"cond-expr","locations":[{"start":{"line":53,"column":31},"end":{"line":53,"column":33}},{"start":{"line":53,"column":31},"end":{"line":53,"column":38}}]},"8":{"loc":{"start":{"line":53,"column":6},"end":{"line":53,"column":33}},"type":"binary-expr","locations":[{"start":{"line":53,"column":6},"end":{"line":53,"column":33}},{"start":{"line":53,"column":31},"end":{"line":53,"column":33}}]},"9":{"loc":{"start":{"line":58,"column":4},"end":{"line":58,"column":24}},"type":"if","locations":[{"start":{"line":58,"column":4},"end":{"line":58,"column":24}},{"start":{},"end":{}}]},"10":{"loc":{"start":{"line":68,"column":4},"end":{"line":68,"column":53}},"type":"if","locations":[{"start":{"line":68,"column":4},"end":{"line":68,"column":53}},{"start":{},"end":{}}]},"11":{"loc":{"start":{"line":68,"column":8},"end":{"line":68,"column":44}},"type":"binary-expr","locations":[{"start":{"line":68,"column":8},"end":{"line":68,"column":23}},{"start":{"line":68,"column":27},"end":{"line":68,"column":44}}]},"12":{"loc":{"start":{"line":73,"column":4},"end":{"line":73,"column":34}},"type":"if","locations":[{"start":{"line":73,"column":4},"end":{"line":73,"column":34}},{"start":{},"end":{}}]},"13":{"loc":{"start":{"line":76,"column":4},"end":{"line":84,"column":5}},"type":"if","locations":[{"start":{"line":76,"column":4},"end":{"line":84,"column":5}},{"start":{"line":81,"column":11},"end":{"line":84,"column":5}}]},"14":{"loc":{"start":{"line":77,"column":6},"end":{"line":80,"column":7}},"type":"if","locations":[{"start":{"line":77,"column":6},"end":{"line":80,"column":7}},{"start":{},"end":{}}]},"15":{"loc":{"start":{"line":81,"column":11},"end":{"line":84,"column":5}},"type":"if","locations":[{"start":{"line":81,"column":11},"end":{"line":84,"column":5}},{"start":{},"end":{}}]},"16":{"loc":{"start":{"line":87,"column":2},"end":{"line":87,"column":62}},"type":"if","locations":[{"start":{"line":87,"column":2},"end":{"line":87,"column":62}},{"start":{},"end":{}}]},"17":{"loc":{"start":{"line":87,"column":6},"end":{"line":87,"column":48}},"type":"binary-expr","locations":[{"start":{"line":87,"column":6},"end":{"line":87,"column":13}},{"start":{"line":87,"column":17},"end":{"line":87,"column":48}}]},"18":{"loc":{"start":{"line":96,"column":10},"end":{"line":96,"column":47}},"type":"if","locations":[{"start":{"line":96,"column":10},"end":{"line":96,"column":47}},{"start":{},"end":{}}]},"19":{"loc":{"start":{"line":104,"column":20},"end":{"line":104,"column":57}},"type":"cond-expr","locations":[{"start":{"line":104,"column":37},"end":{"line":104,"column":46}},{"start":{"line":104,"column":49},"end":{"line":104,"column":57}}]}},"s":{"0":1,"1":1,"2":1,"3":1,"4":3,"5":3,"6":3,"7":1,"8":1,"9":1,"10":3,"11":3,"12":0,"13":3,"14":3,"15":3,"16":0,"17":3,"18":3,"19":3,"20":3,"21":3,"22":3,"23":0,"24":3,"25":3,"26":3,"27":3,"28":3,"29":3,"30":0,"31":0,"32":0,"33":0,"34":0,"35":0,"36":0,"37":0,"38":0,"39":0,"40":0,"41":0,"42":0,"43":0,"44":0,"45":0,"46":3,"47":0,"48":3,"49":2,"50":1},"f":{"0":3,"1":1,"2":3,"3":0,"4":3,"5":3,"6":3,"7":0,"8":0,"9":2},"b":{"0":[2],"1":[1,0],"2":[0,3],"3":[0,0],"4":[0,0],"5":[0,3],"6":[3,3],"7":[0,3],"8":[3,3],"9":[0,3],"10":[0,0],"11":[0,0],"12":[0,0],"13":[0,0],"14":[0,0],"15":[0,0],"16":[0,3],"17":[3,3],"18":[1,1],"19":[0,3]}}
,"/Users/collins/projects/drip_wave_contrbt/Decentralized-Ajo/components/ui/badge.tsx": {"path":"/Users/collins/projects/drip_wave_contrbt/Decentralized-Ajo/components/ui/badge.tsx","statementMap":{"0":{"start":{"line":46,"column":9},"end":{"line":46,"column":14}},"1":{"start":{"line":1,"column":0},"end":{"line":1,"column":30}},"2":{"start":{"line":2,"column":0},"end":{"line":2,"column":43}},"3":{"start":{"line":3,"column":0},"end":{"line":3,"column":65}},"4":{"start":{"line":5,"column":0},"end":{"line":5,"column":32}},"5":{"start":{"line":7,"column":22},"end":{"line":25,"column":null}},"6":{"start":{"line":46,"column":16},"end":{"line":46,"column":29}},"7":{"start":{"line":31,"column":17},"end":{"line":31,"column":null}},"8":{"start":{"line":32,"column":10},"end":{"line":33,"column":null}},"9":{"start":{"line":35,"column":15},"end":{"line":35,"column":38}},"10":{"start":{"line":37,"column":2},"end":{"line":43,"column":null}}},"fnMap":{"0":{"name":"Badge","decl":{"start":{"line":28,"column":9},"end":{"line":28,"column":14}},"loc":{"start":{"line":34,"column":60},"end":{"line":44,"column":1}}}},"branchMap":{"0":{"loc":{"start":{"line":31,"column":2},"end":{"line":31,"column":17}},"type":"default-arg","locations":[{"start":{"line":31,"column":12},"end":{"line":31,"column":17}}]},"1":{"loc":{"start":{"line":35,"column":15},"end":{"line":35,"column":38}},"type":"cond-expr","locations":[{"start":{"line":35,"column":25},"end":{"line":35,"column":29}},{"start":{"line":35,"column":32},"end":{"line":35,"column":38}}]}},"s":{"0":1,"1":1,"2":1,"3":1,"4":1,"5":1,"6":1,"7":0,"8":0,"9":0,"10":0},"f":{"0":0},"b":{"0":[0],"1":[0,0]}}
,"/Users/collins/projects/drip_wave_contrbt/Decentralized-Ajo/components/ui/button.tsx": {"path":"/Users/collins/projects/drip_wave_contrbt/Decentralized-Ajo/components/ui/button.tsx","statementMap":{"0":{"start":{"line":75,"column":9},"end":{"line":75,"column":15}},"1":{"start":{"line":1,"column":0},"end":{"line":1,"column":30}},"2":{"start":{"line":2,"column":0},"end":{"line":2,"column":43}},"3":{"start":{"line":3,"column":0},"end":{"line":3,"column":65}},"4":{"start":{"line":4,"column":0},"end":{"line":4,"column":38}},"5":{"start":{"line":6,"column":0},"end":{"line":6,"column":32}},"6":{"start":{"line":8,"column":23},"end":{"line":37,"column":null}},"7":{"start":{"line":75,"column":17},"end":{"line":75,"column":31}},"8":{"start":{"line":47,"column":10},"end":{"line":47,"column":null}},"9":{"start":{"line":48,"column":10},"end":{"line":49,"column":null}},"10":{"start":{"line":54,"column":15},"end":{"line":54,"column":40}},"11":{"start":{"line":56,"column":2},"end":{"line":72,"column":null}}},"fnMap":{"0":{"name":"Button","decl":{"start":{"line":40,"column":9},"end":{"line":40,"column":15}},"loc":{"start":{"line":53,"column":3},"end":{"line":73,"column":1}}}},"branchMap":{"0":{"loc":{"start":{"line":44,"column":2},"end":{"line":44,"column":17}},"type":"default-arg","locations":[{"start":{"line":44,"column":12},"end":{"line":44,"column":17}}]},"1":{"loc":{"start":{"line":45,"column":2},"end":{"line":45,"column":19}},"type":"default-arg","locations":[{"start":{"line":45,"column":14},"end":{"line":45,"column":19}}]},"2":{"loc":{"start":{"line":54,"column":15},"end":{"line":54,"column":40}},"type":"cond-expr","locations":[{"start":{"line":54,"column":25},"end":{"line":54,"column":29}},{"start":{"line":54,"column":32},"end":{"line":54,"column":40}}]},"3":{"loc":{"start":{"line":60,"column":16},"end":{"line":60,"column":37}},"type":"binary-expr","locations":[{"start":{"line":60,"column":16},"end":{"line":60,"column":25}},{"start":{"line":60,"column":29},"end":{"line":60,"column":37}}]},"4":{"loc":{"start":{"line":63,"column":7},"end":{"line":69,"column":null}},"type":"cond-expr","locations":[{"start":{"line":64,"column":8},"end":{"line":66,"column":null}},{"start":{"line":69,"column":8},"end":{"line":69,"column":16}}]}},"s":{"0":2,"1":2,"2":2,"3":2,"4":2,"5":2,"6":2,"7":2,"8":3,"9":3,"10":3,"11":3},"f":{"0":3},"b":{"0":[3],"1":[2],"2":[0,3],"3":[3,2],"4":[1,2]}}
,"/Users/collins/projects/drip_wave_contrbt/Decentralized-Ajo/components/ui/card.tsx": {"path":"/Users/collins/projects/drip_wave_contrbt/Decentralized-Ajo/components/ui/card.tsx","statementMap":{"0":{"start":{"line":85,"column":2},"end":{"line":85,"column":6}},"1":{"start":{"line":86,"column":2},"end":{"line":86,"column":12}},"2":{"start":{"line":87,"column":2},"end":{"line":87,"column":12}},"3":{"start":{"line":88,"column":2},"end":{"line":88,"column":11}},"4":{"start":{"line":89,"column":2},"end":{"line":89,"column":12}},"5":{"start":{"line":90,"column":2},"end":{"line":90,"column":17}},"6":{"start":{"line":91,"column":2},"end":{"line":91,"column":13}},"7":{"start":{"line":1,"column":0},"end":{"line":1,"column":30}},"8":{"start":{"line":3,"column":0},"end":{"line":3,"column":32}},"9":{"start":{"line":5,"column":25},"end":{"line":5,"column":30}},"10":{"start":{"line":5,"column":35},"end":{"line":5,"column":66}},"11":{"start":{"line":6,"column":2},"end":{"line":15,"column":null}},"12":{"start":{"line":18,"column":31},"end":{"line":18,"column":36}},"13":{"start":{"line":18,"column":41},"end":{"line":18,"column":72}},"14":{"start":{"line":19,"column":2},"end":{"line":28,"column":null}},"15":{"start":{"line":31,"column":30},"end":{"line":31,"column":35}},"16":{"start":{"line":31,"column":40},"end":{"line":31,"column":71}},"17":{"start":{"line":32,"column":2},"end":{"line":38,"column":null}},"18":{"start":{"line":41,"column":36},"end":{"line":41,"column":41}},"19":{"start":{"line":41,"column":46},"end":{"line":41,"column":77}},"20":{"start":{"line":42,"column":2},"end":{"line":48,"column":null}},"21":{"start":{"line":51,"column":31},"end":{"line":51,"column":36}},"22":{"start":{"line":51,"column":41},"end":{"line":51,"column":72}},"23":{"start":{"line":52,"column":2},"end":{"line":61,"column":null}},"24":{"start":{"line":64,"column":32},"end":{"line":64,"column":37}},"25":{"start":{"line":64,"column":42},"end":{"line":64,"column":73}},"26":{"start":{"line":65,"column":2},"end":{"line":71,"column":null}},"27":{"start":{"line":74,"column":31},"end":{"line":74,"column":36}},"28":{"start":{"line":74,"column":41},"end":{"line":74,"column":72}},"29":{"start":{"line":75,"column":2},"end":{"line":81,"column":null}}},"fnMap":{"0":{"name":"Card","decl":{"start":{"line":5,"column":9},"end":{"line":5,"column":13}},"loc":{"start":{"line":5,"column":66},"end":{"line":16,"column":1}}},"1":{"name":"CardHeader","decl":{"start":{"line":18,"column":9},"end":{"line":18,"column":19}},"loc":{"start":{"line":18,"column":72},"end":{"line":29,"column":1}}},"2":{"name":"CardTitle","decl":{"start":{"line":31,"column":9},"end":{"line":31,"column":18}},"loc":{"start":{"line":31,"column":71},"end":{"line":39,"column":1}}},"3":{"name":"CardDescription","decl":{"start":{"line":41,"column":9},"end":{"line":41,"column":24}},"loc":{"start":{"line":41,"column":77},"end":{"line":49,"column":1}}},"4":{"name":"CardAction","decl":{"start":{"line":51,"column":9},"end":{"line":51,"column":19}},"loc":{"start":{"line":51,"column":72},"end":{"line":62,"column":1}}},"5":{"name":"CardContent","decl":{"start":{"line":64,"column":9},"end":{"line":64,"column":20}},"loc":{"start":{"line":64,"column":73},"end":{"line":72,"column":1}}},"6":{"name":"CardFooter","decl":{"start":{"line":74,"column":9},"end":{"line":74,"column":19}},"loc":{"start":{"line":74,"column":72},"end":{"line":82,"column":1}}}},"branchMap":{},"s":{"0":1,"1":1,"2":1,"3":1,"4":1,"5":1,"6":1,"7":1,"8":1,"9":0,"10":0,"11":0,"12":0,"13":0,"14":0,"15":0,"16":0,"17":0,"18":0,"19":0,"20":0,"21":0,"22":0,"23":0,"24":0,"25":0,"26":0,"27":0,"28":0,"29":0},"f":{"0":0,"1":0,"2":0,"3":0,"4":0,"5":0,"6":0},"b":{}}
,"/Users/collins/projects/drip_wave_contrbt/Decentralized-Ajo/components/ui/input.tsx": {"path":"/Users/collins/projects/drip_wave_contrbt/Decentralized-Ajo/components/ui/input.tsx","statementMap":{"0":{"start":{"line":21,"column":9},"end":{"line":21,"column":14}},"1":{"start":{"line":1,"column":0},"end":{"line":1,"column":30}},"2":{"start":{"line":3,"column":0},"end":{"line":3,"column":32}},"3":{"start":{"line":5,"column":32},"end":{"line":5,"column":37}},"4":{"start":{"line":5,"column":42},"end":{"line":5,"column":75}},"5":{"start":{"line":6,"column":2},"end":{"line":18,"column":null}}},"fnMap":{"0":{"name":"Input","decl":{"start":{"line":5,"column":9},"end":{"line":5,"column":14}},"loc":{"start":{"line":5,"column":75},"end":{"line":19,"column":1}}}},"branchMap":{},"s":{"0":1,"1":1,"2":1,"3":1,"4":1,"5":1},"f":{"0":1},"b":{}}
,"/Users/collins/projects/drip_wave_contrbt/Decentralized-Ajo/lib/utils.ts": {"path":"/Users/collins/projects/drip_wave_contrbt/Decentralized-Ajo/lib/utils.ts","statementMap":{"0":{"start":{"line":4,"column":0},"end":{"line":4,"column":16}},"1":{"start":{"line":8,"column":0},"end":{"line":8,"column":16}},"2":{"start":{"line":15,"column":0},"end":{"line":15,"column":16}},"3":{"start":{"line":1,"column":0},"end":{"line":1,"column":44}},"4":{"start":{"line":2,"column":0},"end":{"line":2,"column":40}},"5":{"start":{"line":5,"column":2},"end":{"line":5,"column":null}},"6":{"start":{"line":9,"column":2},"end":{"line":12,"column":null}},"7":{"start":{"line":16,"column":2},"end":{"line":22,"column":null}}},"fnMap":{"0":{"name":"cn","decl":{"start":{"line":4,"column":16},"end":{"line":4,"column":18}},"loc":{"start":{"line":4,"column":42},"end":{"line":6,"column":1}}},"1":{"name":"formatXLM","decl":{"start":{"line":8,"column":16},"end":{"line":8,"column":25}},"loc":{"start":{"line":8,"column":40},"end":{"line":13,"column":1}}},"2":{"name":"formatDate","decl":{"start":{"line":15,"column":16},"end":{"line":15,"column":26}},"loc":{"start":{"line":15,"column":46},"end":{"line":23,"column":1}}}},"branchMap":{},"s":{"0":4,"1":4,"2":4,"3":4,"4":4,"5":7,"6":0,"7":0},"f":{"0":7,"1":0,"2":0},"b":{}}
}
