TN:
SF:app/api/auth/login/route.ts
FN:18,POST
FNF:1
FNH:1
FNDA:2,POST
DA:1,1
DA:2,1
DA:3,1
DA:11,1
DA:12,1
DA:13,1
DA:14,1
DA:16,1
DA:18,1
DA:20,2
DA:25,2
DA:27,2
DA:28,2
DA:30,2
DA:31,2
DA:32,2
DA:34,2
DA:47,2
DA:48,1
DA:51,1
DA:52,1
DA:53,0
DA:56,1
DA:57,0
DA:64,1
DA:69,1
DA:71,1
DA:86,1
DA:96,1
DA:98,0
DA:99,0
LF:31
LH:27
BRDA:25,0,0,0
BRDA:25,0,1,2
BRDA:28,1,0,0
BRDA:28,1,1,2
BRDA:47,2,0,1
BRDA:47,2,1,1
BRDA:52,3,0,0
BRDA:52,3,1,1
BRDA:56,4,0,0
BRDA:56,4,1,1
BRF:10
BRH:6
end_of_record
TN:
SF:lib/auth.ts
FN:32,hashPassword
FN:37,verifyPassword
FN:45,generateToken
FN:63,generateServiceToken
FN:74,getRefreshTokenExpiryDate
FN:78,isSecureCookieEnvironment
FN:82,generateRefreshToken
FN:95,rotateRefreshToken
FN:139,revokeUserRefreshTokens
FN:143,revokeRefreshToken
FN:148,verifyToken
FN:158,decodeToken
FN:168,extractToken
FN:178,isValidEmail
FN:184,validatePasswordStrength
FNF:15
FNH:1
FNDA:3,hashPassword
FNDA:0,verifyPassword
FNDA:0,generateToken
FNDA:0,generateServiceToken
FNDA:0,getRefreshTokenExpiryDate
FNDA:0,isSecureCookieEnvironment
FNDA:0,generateRefreshToken
FNDA:0,rotateRefreshToken
FNDA:0,revokeUserRefreshTokens
FNDA:0,revokeRefreshToken
FNDA:0,verifyToken
FNDA:0,decodeToken
FNDA:0,extractToken
FNDA:0,isValidEmail
FNDA:0,validatePasswordStrength
DA:1,3
DA:2,3
DA:3,3
DA:4,3
DA:6,3
DA:7,3
DA:8,3
DA:9,3
DA:10,3
DA:11,3
DA:13,3
DA:14,3
DA:18,3
DA:32,3
DA:33,3
DA:37,3
DA:41,0
DA:45,3
DA:46,0
DA:54,0
DA:63,3
DA:64,0
DA:71,0
DA:74,3
DA:75,0
DA:78,3
DA:79,0
DA:82,3
DA:83,0
DA:84,0
DA:92,0
DA:95,3
DA:96,0
DA:102,0
DA:103,0
DA:108,0
DA:109,0
DA:112,0
DA:115,0
DA:118,0
DA:136,0
DA:139,3
DA:140,0
DA:143,3
DA:144,0
DA:148,3
DA:149,0
DA:150,0
DA:151,0
DA:153,0
DA:158,3
DA:159,0
DA:160,0
DA:161,0
DA:163,0
DA:168,3
DA:169,0
DA:170,0
DA:171,0
DA:172,0
DA:174,0
DA:178,3
DA:179,0
DA:180,0
DA:184,3
DA:188,0
DA:190,0
DA:191,0
DA:193,0
DA:194,0
DA:196,0
DA:197,0
DA:199,0
DA:200,0
DA:203,0
LF:75
LH:29
BRDA:6,0,0,3
BRDA:6,0,1,0
BRDA:13,1,0,2
BRDA:13,1,1,1
BRDA:13,2,0,3
BRDA:13,2,1,3
BRDA:14,3,0,1
BRDA:14,3,1,2
BRDA:49,4,0,0
BRDA:49,4,1,0
BRDA:102,5,0,0
BRDA:102,5,1,0
BRDA:102,6,0,0
BRDA:102,6,1,0
BRDA:108,7,0,0
BRDA:108,7,1,0
BRDA:169,8,0,0
BRDA:169,8,1,0
BRDA:171,9,0,0
BRDA:171,9,1,0
BRDA:171,10,0,0
BRDA:171,10,1,0
BRDA:190,11,0,0
BRDA:190,11,1,0
BRDA:193,12,0,0
BRDA:193,12,1,0
BRDA:196,13,0,0
BRDA:196,13,1,0
BRDA:199,14,0,0
BRDA:199,14,1,0
BRF:30
BRH:7
end_of_record
TN:
SF:lib/validations/auth.ts
FNF:0
FNH:0
DA:1,1
DA:3,1
DA:8,1
LF:3
LH:3
BRF:0
BRH:0
end_of_record
