TN:
SF:components/dashboard-card.tsx
FN:14,(anonymous_1)
FNF:1
FNH:0
FNDA:0,(anonymous_1)
DA:3,1
DA:4,1
DA:5,1
DA:6,1
DA:14,1
DA:19,0
LF:6
LH:5
BRDA:41,0,0,0
BRDA:41,0,1,0
BRF:2
BRH:0
end_of_record
TN:
SF:components/dashboard.tsx
FN:20,(anonymous_1)
FN:61,(anonymous_2)
FN:80,(anonymous_3)
FNF:3
FNH:1
FNDA:1,(anonymous_1)
FNDA:0,(anonymous_2)
FNDA:0,(anonymous_3)
DA:3,1
DA:4,1
DA:5,1
DA:6,1
DA:7,1
DA:20,1
DA:21,1
DA:24,1
DA:25,1
DA:46,0
DA:62,0
DA:80,0
LF:12
LH:9
BRDA:24,0,0,1
BRDA:24,0,1,0
BRDA:40,1,0,0
BRDA:40,1,1,1
BRDA:59,2,0,0
BRDA:59,2,1,0
BRF:6
BRH:2
end_of_record
TN:
SF:components/modal.tsx
FN:21,Modal
FN:34,(anonymous_1)
FN:43,(anonymous_2)
FN:47,(anonymous_3)
FN:50,(anonymous_4)
FN:57,(anonymous_5)
FN:62,(anonymous_6)
FN:67,(anonymous_7)
FN:72,(anonymous_8)
FN:95,(anonymous_9)
FNF:10
FNH:7
FNDA:3,Modal
FNDA:1,(anonymous_1)
FNDA:3,(anonymous_2)
FNDA:0,(anonymous_3)
FNDA:3,(anonymous_4)
FNDA:3,(anonymous_5)
FNDA:3,(anonymous_6)
FNDA:0,(anonymous_7)
FNDA:0,(anonymous_8)
FNDA:2,(anonymous_9)
DA:3,1
DA:4,1
DA:5,1
DA:21,1
DA:30,3
DA:31,3
DA:33,3
DA:35,1
DA:36,1
DA:37,1
DA:43,3
DA:44,3
DA:45,3
DA:46,3
DA:47,3
DA:48,0
DA:50,3
DA:51,3
DA:52,3
DA:53,3
DA:57,3
DA:58,3
DA:59,3
DA:60,3
DA:61,3
DA:62,3
DA:63,3
DA:67,3
DA:68,0
DA:69,0
DA:72,0
DA:73,0
DA:74,0
DA:75,0
DA:76,0
DA:77,0
DA:78,0
DA:79,0
DA:81,0
DA:82,0
DA:83,0
DA:87,3
DA:89,3
DA:96,2
LF:44
LH:30
BRDA:26,0,0,2
BRDA:35,1,0,1
BRDA:35,1,1,0
BRDA:44,2,0,0
BRDA:44,2,1,3
BRDA:48,3,0,0
BRDA:48,3,1,0
BRDA:48,4,0,0
BRDA:48,4,1,0
BRDA:53,5,0,0
BRDA:53,5,1,3
BRDA:53,6,0,3
BRDA:53,6,1,3
BRDA:53,7,0,0
BRDA:53,7,1,3
BRDA:53,8,0,3
BRDA:53,8,1,3
BRDA:58,9,0,0
BRDA:58,9,1,3
BRDA:68,10,0,0
BRDA:68,10,1,0
BRDA:68,11,0,0
BRDA:68,11,1,0
BRDA:73,12,0,0
BRDA:73,12,1,0
BRDA:76,13,0,0
BRDA:76,13,1,0
BRDA:77,14,0,0
BRDA:77,14,1,0
BRDA:81,15,0,0
BRDA:81,15,1,0
BRDA:87,16,0,0
BRDA:87,16,1,3
BRDA:87,17,0,3
BRDA:87,17,1,3
BRDA:96,18,0,1
BRDA:96,18,1,1
BRDA:104,19,0,0
BRDA:104,19,1,3
BRF:39
BRH:16
end_of_record
TN:
SF:components/ui/badge.tsx
FN:28,Badge
FNF:1
FNH:0
FNDA:0,Badge
DA:1,1
DA:2,1
DA:3,1
DA:5,1
DA:7,1
DA:31,0
DA:32,0
DA:35,0
DA:37,0
DA:46,1
LF:10
LH:6
BRDA:31,0,0,0
BRDA:35,1,0,0
BRDA:35,1,1,0
BRF:3
BRH:0
end_of_record
TN:
SF:components/ui/button.tsx
FN:40,Button
FNF:1
FNH:1
FNDA:3,Button
DA:1,2
DA:2,2
DA:3,2
DA:4,2
DA:6,2
DA:8,2
DA:47,3
DA:48,3
DA:54,3
DA:56,3
DA:75,2
LF:11
LH:11
BRDA:44,0,0,3
BRDA:45,1,0,2
BRDA:54,2,0,0
BRDA:54,2,1,3
BRDA:60,3,0,3
BRDA:60,3,1,2
BRDA:63,4,0,1
BRDA:63,4,1,2
BRF:8
BRH:7
end_of_record
TN:
SF:components/ui/card.tsx
FN:5,Card
FN:18,CardHeader
FN:31,CardTitle
FN:41,CardDescription
FN:51,CardAction
FN:64,CardContent
FN:74,CardFooter
FNF:7
FNH:0
FNDA:0,Card
FNDA:0,CardHeader
FNDA:0,CardTitle
FNDA:0,CardDescription
FNDA:0,CardAction
FNDA:0,CardContent
FNDA:0,CardFooter
DA:1,1
DA:3,1
DA:5,0
DA:6,0
DA:18,0
DA:19,0
DA:31,0
DA:32,0
DA:41,0
DA:42,0
DA:51,0
DA:52,0
DA:64,0
DA:65,0
DA:74,0
DA:75,0
DA:85,1
DA:86,1
DA:87,1
DA:88,1
DA:89,1
DA:90,1
DA:91,1
LF:23
LH:9
BRF:0
BRH:0
end_of_record
TN:
SF:components/ui/input.tsx
FN:5,Input
FNF:1
FNH:1
FNDA:1,Input
DA:1,1
DA:3,1
DA:5,1
DA:6,1
DA:21,1
LF:5
LH:5
BRF:0
BRH:0
end_of_record
TN:
SF:lib/utils.ts
FN:4,cn
FN:8,formatXLM
FN:15,formatDate
FNF:3
FNH:1
FNDA:7,cn
FNDA:0,formatXLM
FNDA:0,formatDate
DA:1,4
DA:2,4
DA:4,4
DA:5,7
DA:8,4
DA:9,0
DA:15,4
DA:16,0
LF:8
LH:6
BRF:0
BRH:0
end_of_record
